<?xml version="1.0" encoding="UTF-8"?>
<testng-results total="4" passed="4" failed="0" skipped="0">
  <reporter-output>
  </reporter-output>
  <suite started-at="2021-12-13T14:29:25Z" name="Surefire suite" finished-at="2021-12-13T14:29:27Z" duration-ms="1758">
    <groups>
    </groups>
    <test started-at="2021-12-13T14:29:25Z" name="Surefire test" finished-at="2021-12-13T14:29:27Z" duration-ms="1758">
      <class name="org.art.racecondition.counter.IntLockingCounterTest">
        <test-method signature="testIncrementAndGet_whenMultipleThreads()[pri:0, instance:org.art.racecondition.counter.IntLockingCounterTest@7a8c8dcf]" started-at="2021-12-13T14:29:26Z" name="testIncrementAndGet_whenMultipleThreads" finished-at="2021-12-13T14:29:27Z" duration-ms="474" status="PASS">
          <reporter-output>
          </reporter-output>
        </test-method> <!-- testIncrementAndGet_whenMultipleThreads -->
        <test-method signature="testIncrementAndGet_whenSingleThread()[pri:0, instance:org.art.racecondition.counter.IntLockingCounterTest@7a8c8dcf]" started-at="2021-12-13T14:29:27Z" name="testIncrementAndGet_whenSingleThread" finished-at="2021-12-13T14:29:27Z" duration-ms="24" status="PASS">
          <reporter-output>
          </reporter-output>
        </test-method> <!-- testIncrementAndGet_whenSingleThread -->
      </class> <!-- org.art.racecondition.counter.IntLockingCounterTest -->
      <class name="org.art.racecondition.counter.IntLockFreeCounterTest">
        <test-method signature="testIncrementAndGet_whenMultipleThreads()[pri:0, instance:org.art.racecondition.counter.IntLockFreeCounterTest@55fe41ea]" started-at="2021-12-13T14:29:25Z" name="testIncrementAndGet_whenMultipleThreads" finished-at="2021-12-13T14:29:26Z" duration-ms="1103" status="PASS">
          <reporter-output>
          </reporter-output>
        </test-method> <!-- testIncrementAndGet_whenMultipleThreads -->
        <test-method signature="testIncrementAndGet_whenSingleThread()[pri:0, instance:org.art.racecondition.counter.IntLockFreeCounterTest@55fe41ea]" started-at="2021-12-13T14:29:26Z" name="testIncrementAndGet_whenSingleThread" finished-at="2021-12-13T14:29:26Z" duration-ms="145" status="PASS">
          <reporter-output>
          </reporter-output>
        </test-method> <!-- testIncrementAndGet_whenSingleThread -->
      </class> <!-- org.art.racecondition.counter.IntLockFreeCounterTest -->
    </test> <!-- Surefire test -->
  </suite> <!-- Surefire suite -->
</testng-results>
