<?xml version="1.0" encoding="UTF-8"?>
<testng-results total="1" passed="1" failed="0" skipped="0">
  <reporter-output>
  </reporter-output>
  <suite started-at="2021-12-13T14:29:17Z" name="Surefire suite" finished-at="2021-12-13T14:29:17Z" duration-ms="109">
    <groups>
    </groups>
    <test started-at="2021-12-13T14:29:17Z" name="Surefire test" finished-at="2021-12-13T14:29:17Z" duration-ms="109">
      <class name="org.art.mainthread.MainTest">
        <test-method signature="testMain()[pri:0, instance:org.art.mainthread.MainTest@7d68ef40]" started-at="2021-12-13T14:29:17Z" name="testMain" finished-at="2021-12-13T14:29:17Z" duration-ms="101" status="PASS">
          <reporter-output>
          </reporter-output>
        </test-method> <!-- testMain -->
      </class> <!-- org.art.mainthread.MainTest -->
    </test> <!-- Surefire test -->
  </suite> <!-- Surefire suite -->
</testng-results>
