<?xml version="1.0" encoding="UTF-8"?>
<testng-results total="5" passed="5" failed="0" skipped="0">
  <reporter-output>
  </reporter-output>
  <suite started-at="2021-12-13T14:29:24Z" name="Surefire suite" finished-at="2021-12-13T14:29:24Z" duration-ms="172">
    <groups>
    </groups>
    <test started-at="2021-12-13T14:29:24Z" name="Surefire test" finished-at="2021-12-13T14:29:24Z" duration-ms="172">
      <class name="org.art.threadsafequeue.lifo.ConcurrentLinkedStackTest">
        <test-method signature="testPeek_whenSingleThread()[pri:0, instance:org.art.threadsafequeue.lifo.ConcurrentLinkedStackTest@c0c2f8d]" started-at="2021-12-13T14:29:24Z" name="testPeek_whenSingleThread" finished-at="2021-12-13T14:29:24Z" duration-ms="7" status="PASS">
          <reporter-output>
          </reporter-output>
        </test-method> <!-- testPeek_whenSingleThread -->
        <test-method signature="testPop_whenMultipleThreads()[pri:0, instance:org.art.threadsafequeue.lifo.ConcurrentLinkedStackTest@c0c2f8d]" started-at="2021-12-13T14:29:24Z" name="testPop_whenMultipleThreads" finished-at="2021-12-13T14:29:24Z" duration-ms="122" status="PASS">
          <reporter-output>
          </reporter-output>
        </test-method> <!-- testPop_whenMultipleThreads -->
        <test-method signature="testPop_whenSingleThread()[pri:0, instance:org.art.threadsafequeue.lifo.ConcurrentLinkedStackTest@c0c2f8d]" started-at="2021-12-13T14:29:24Z" name="testPop_whenSingleThread" finished-at="2021-12-13T14:29:24Z" duration-ms="0" status="PASS">
          <reporter-output>
          </reporter-output>
        </test-method> <!-- testPop_whenSingleThread -->
        <test-method signature="testPush_whenMultipleThreads()[pri:0, instance:org.art.threadsafequeue.lifo.ConcurrentLinkedStackTest@c0c2f8d]" started-at="2021-12-13T14:29:24Z" name="testPush_whenMultipleThreads" finished-at="2021-12-13T14:29:24Z" duration-ms="30" status="PASS">
          <reporter-output>
          </reporter-output>
        </test-method> <!-- testPush_whenMultipleThreads -->
        <test-method signature="testPush_whenSingleThread()[pri:0, instance:org.art.threadsafequeue.lifo.ConcurrentLinkedStackTest@c0c2f8d]" started-at="2021-12-13T14:29:24Z" name="testPush_whenSingleThread" finished-at="2021-12-13T14:29:24Z" duration-ms="1" status="PASS">
          <reporter-output>
          </reporter-output>
        </test-method> <!-- testPush_whenSingleThread -->
      </class> <!-- org.art.threadsafequeue.lifo.ConcurrentLinkedStackTest -->
    </test> <!-- Surefire test -->
  </suite> <!-- Surefire suite -->
</testng-results>
