<?xml version="1.0" encoding="UTF-8"?>
<!-- Generated by org.testng.reporters.JUnitXMLReporter -->
<testsuite hostname="ws-728e3373-7f29-4a30-a3ea-db23f7648855" failures="0" tests="5" name="Surefire test" time="0.172" errors="0" timestamp="13 Dec 2021 14:29:24 GMT">
  <testcase classname="org.art.threadsafequeue.lifo.ConcurrentLinkedStackTest" name="testPeek_whenSingleThread" time="0.007"/>
  <testcase classname="org.art.threadsafequeue.lifo.ConcurrentLinkedStackTest" name="testPop_whenMultipleThreads" time="0.122"/>
  <testcase classname="org.art.threadsafequeue.lifo.ConcurrentLinkedStackTest" name="testPop_whenSingleThread" time="0.0"/>
  <testcase classname="org.art.threadsafequeue.lifo.ConcurrentLinkedStackTest" name="testPush_whenMultipleThreads" time="0.03"/>
  <testcase classname="org.art.threadsafequeue.lifo.ConcurrentLinkedStackTest" name="testPush_whenSingleThread" time="0.001"/>
</testsuite> <!-- Surefire test -->
